2013-08-19 22:36:08 [io.netty.handler.logging.LoggingHandler:log] [INFO]  [id: 0x98135bc5] REGISTERED
2013-08-19 22:36:08 [io.netty.handler.logging.LoggingHandler:log] [INFO]  [id: 0x98135bc5] BIND(0.0.0.0/0.0.0.0:9000)
2013-08-19 22:36:08 [io.netty.handler.logging.LoggingHandler:log] [INFO]  [id: 0x98135bc5, /0.0.0.0:9000] ACTIVE
2013-08-19 22:36:08 [io.netty.handler.logging.LoggingHandler:log] [INFO]  [id: 0x98135bc5, /0.0.0.0:9000] RECEIVED: [id: 0xfc218290, /127.0.0.1:56254 => /127.0.0.1:9000]
2013-08-19 22:56:20 [io.netty.handler.logging.LoggingHandler:log] [INFO]  [id: 0xe9e852b4] REGISTERED
2013-08-19 22:56:20 [io.netty.handler.logging.LoggingHandler:log] [INFO]  [id: 0xe9e852b4] BIND(0.0.0.0/0.0.0.0:9000)
2013-08-19 22:56:20 [io.netty.handler.logging.LoggingHandler:log] [INFO]  [id: 0xe9e852b4, /0.0.0.0:9000] ACTIVE
2013-08-19 22:56:20 [io.netty.handler.logging.LoggingHandler:log] [INFO]  [id: 0xe9e852b4, /0.0.0.0:9000] RECEIVED: [id: 0xa039254f, /127.0.0.1:49485 => /127.0.0.1:9000]
2013-08-19 22:59:45 [io.netty.handler.logging.LoggingHandler:log] [INFO]  [id: 0x7f71a192] REGISTERED
2013-08-19 22:59:45 [io.netty.handler.logging.LoggingHandler:log] [INFO]  [id: 0x7f71a192] BIND(0.0.0.0/0.0.0.0:9000)
2013-08-19 22:59:45 [io.netty.handler.logging.LoggingHandler:log] [INFO]  [id: 0x7f71a192, /0.0.0.0:9000] ACTIVE
2013-08-19 22:59:46 [io.netty.handler.logging.LoggingHandler:log] [INFO]  [id: 0x7f71a192, /0.0.0.0:9000] RECEIVED: [id: 0xe5dee44b, /127.0.0.1:49609 => /127.0.0.1:9000]
2013-08-19 23:02:07 [io.netty.handler.logging.LoggingHandler:log] [INFO]  [id: 0xae191f5c] REGISTERED
2013-08-19 23:02:07 [io.netty.handler.logging.LoggingHandler:log] [INFO]  [id: 0xae191f5c] BIND(0.0.0.0/0.0.0.0:9000)
2013-08-19 23:02:07 [io.netty.handler.logging.LoggingHandler:log] [INFO]  [id: 0xae191f5c, /0.0.0.0:9000] ACTIVE
2013-08-19 23:02:08 [io.netty.handler.logging.LoggingHandler:log] [INFO]  [id: 0xae191f5c, /0.0.0.0:9000] RECEIVED: [id: 0x85f4cb09, /127.0.0.1:49690 => /127.0.0.1:9000]
2013-08-19 23:04:01 [io.netty.handler.logging.LoggingHandler:log] [INFO]  [id: 0xfa777d53] REGISTERED
2013-08-19 23:04:01 [io.netty.handler.logging.LoggingHandler:log] [INFO]  [id: 0xfa777d53] BIND(0.0.0.0/0.0.0.0:9000)
2013-08-19 23:04:01 [io.netty.handler.logging.LoggingHandler:log] [INFO]  [id: 0xfa777d53, /0.0.0.0:9000] ACTIVE
2013-08-19 23:04:01 [io.netty.handler.logging.LoggingHandler:log] [INFO]  [id: 0xfa777d53, /0.0.0.0:9000] RECEIVED: [id: 0x872a92a3, /127.0.0.1:49775 => /127.0.0.1:9000]
2013-08-19 23:10:05 [io.netty.handler.logging.LoggingHandler:log] [INFO]  [id: 0xf72b3ed4] REGISTERED
2013-08-19 23:10:05 [io.netty.handler.logging.LoggingHandler:log] [INFO]  [id: 0xf72b3ed4] BIND(0.0.0.0/0.0.0.0:9000)
2013-08-19 23:10:05 [io.netty.handler.logging.LoggingHandler:log] [INFO]  [id: 0xf72b3ed4, /0.0.0.0:9000] ACTIVE
2013-08-19 23:10:06 [io.netty.handler.logging.LoggingHandler:log] [INFO]  [id: 0xf72b3ed4, /0.0.0.0:9000] RECEIVED: [id: 0xcb53e02f, /127.0.0.1:49918 => /127.0.0.1:9000]
2013-08-19 23:14:46 [us.longda.tools.server.ServiceHandler:exceptionCaught] [ERROR]  Unexpected exception from downstream.
java.lang.ExceptionInInitializerError
	at us.longda.tools.proto.MessageEvent$Response.internalGetFieldAccessorTable(MessageEvent.java:1044)
	at com.google.protobuf.GeneratedMessage.getDescriptorForType(GeneratedMessage.java:98)
	at us.longda.tools.server.ServiceHandler.sendResponse(ServiceHandler.java:74)
	at us.longda.tools.server.ServiceHandler.channelRead(ServiceHandler.java:104)
	at io.netty.channel.DefaultChannelHandlerContext.invokeChannelRead(DefaultChannelHandlerContext.java:333)
	at io.netty.channel.DefaultChannelHandlerContext.fireChannelRead(DefaultChannelHandlerContext.java:319)
	at us.longda.tools.proto.MessageDecoder.handleOneMessage(MessageDecoder.java:110)
	at us.longda.tools.proto.MessageDecoder.handleReadBuf(MessageDecoder.java:156)
	at us.longda.tools.proto.MessageDecoder.channelRead(MessageDecoder.java:173)
	at io.netty.channel.DefaultChannelHandlerContext.invokeChannelRead(DefaultChannelHandlerContext.java:333)
	at io.netty.channel.DefaultChannelHandlerContext.fireChannelRead(DefaultChannelHandlerContext.java:319)
	at io.netty.channel.DefaultChannelPipeline.fireChannelRead(DefaultChannelPipeline.java:789)
	at io.netty.channel.nio.AbstractNioByteChannel$NioByteUnsafe.read(AbstractNioByteChannel.java:100)
	at io.netty.channel.nio.NioEventLoop.processSelectedKey(NioEventLoop.java:497)
	at io.netty.channel.nio.NioEventLoop.processSelectedKeysOptimized(NioEventLoop.java:465)
	at io.netty.channel.nio.NioEventLoop.run(NioEventLoop.java:359)
	at io.netty.util.concurrent.SingleThreadEventExecutor$2.run(SingleThreadEventExecutor.java:101)
	at java.lang.Thread.run(Thread.java:662)
Caused by: java.lang.IllegalArgumentException: Failed to parse protocol buffer descriptor for generated code.
	at com.google.protobuf.Descriptors$FileDescriptor.internalBuildGeneratedFileFrom(Descriptors.java:293)
	at us.longda.tools.proto.MessageEvent.<clinit>(MessageEvent.java:1859)
	... 18 more
Caused by: com.google.protobuf.InvalidProtocolBufferException: While parsing a protocol message, the input ended unexpectedly in the middle of a field.  This could mean either than the input has been truncated or that an embedded message misreported its own length.
	at com.google.protobuf.InvalidProtocolBufferException.truncatedMessage(InvalidProtocolBufferException.java:70)
	at com.google.protobuf.CodedInputStream.pushLimit(CodedInputStream.java:651)
	at com.google.protobuf.CodedInputStream.readMessage(CodedInputStream.java:307)
	at com.google.protobuf.DescriptorProtos$FileDescriptorProto.<init>(DescriptorProtos.java:1134)
	at com.google.protobuf.DescriptorProtos$FileDescriptorProto.<init>(DescriptorProtos.java:1031)
	at com.google.protobuf.DescriptorProtos$FileDescriptorProto$1.parsePartialFrom(DescriptorProtos.java:1248)
	at com.google.protobuf.DescriptorProtos$FileDescriptorProto$1.parsePartialFrom(DescriptorProtos.java:1243)
	at com.google.protobuf.AbstractParser.parsePartialFrom(AbstractParser.java:141)
	at com.google.protobuf.AbstractParser.parseFrom(AbstractParser.java:176)
	at com.google.protobuf.AbstractParser.parseFrom(AbstractParser.java:188)
	at com.google.protobuf.AbstractParser.parseFrom(AbstractParser.java:193)
	at com.google.protobuf.AbstractParser.parseFrom(AbstractParser.java:49)
	at com.google.protobuf.DescriptorProtos$FileDescriptorProto.parseFrom(DescriptorProtos.java:1897)
	at com.google.protobuf.Descriptors$FileDescriptor.internalBuildGeneratedFileFrom(Descriptors.java:291)
	... 19 more
2013-08-19 23:18:01 [io.netty.handler.logging.LoggingHandler:log] [INFO]  [id: 0x4518c738] REGISTERED
2013-08-19 23:18:01 [io.netty.handler.logging.LoggingHandler:log] [INFO]  [id: 0x4518c738] BIND(0.0.0.0/0.0.0.0:9000)
2013-08-19 23:18:01 [io.netty.handler.logging.LoggingHandler:log] [INFO]  [id: 0x4518c738, /0.0.0.0:9000] ACTIVE
2013-08-19 23:19:23 [io.netty.handler.logging.LoggingHandler:log] [INFO]  [id: 0x7a0dfb36] REGISTERED
2013-08-19 23:19:23 [io.netty.handler.logging.LoggingHandler:log] [INFO]  [id: 0x7a0dfb36] BIND(0.0.0.0/0.0.0.0:9000)
2013-08-19 23:19:23 [io.netty.handler.logging.LoggingHandler:log] [INFO]  [id: 0x7a0dfb36, /0.0.0.0:9000] ACTIVE
2013-08-19 23:19:24 [io.netty.handler.logging.LoggingHandler:log] [INFO]  [id: 0x7a0dfb36, /0.0.0.0:9000] RECEIVED: [id: 0x56c50f76, /127.0.0.1:50129 => /127.0.0.1:9000]
2013-08-19 23:19:28 [us.longda.tools.client.ClientHandler:exceptionCaught] [ERROR]  Unexpected exception from downstream.
java.lang.ExceptionInInitializerError
	at us.longda.tools.proto.MessageEvent$Request.internalGetFieldAccessorTable(MessageEvent.java:175)
	at com.google.protobuf.GeneratedMessage.getAllFieldsMutable(GeneratedMessage.java:105)
	at com.google.protobuf.GeneratedMessage.getAllFields(GeneratedMessage.java:153)
	at com.google.protobuf.TextFormat$Printer.print(TextFormat.java:272)
	at com.google.protobuf.TextFormat$Printer.access$400(TextFormat.java:248)
	at com.google.protobuf.TextFormat.print(TextFormat.java:71)
	at com.google.protobuf.TextFormat.printToString(TextFormat.java:118)
	at com.google.protobuf.AbstractMessage.toString(AbstractMessage.java:106)
	at us.longda.tools.client.ClientHandler.sendRequest(ClientHandler.java:97)
	at us.longda.tools.client.ClientHandler.channelActive(ClientHandler.java:143)
	at io.netty.channel.DefaultChannelHandlerContext.invokeChannelActive(DefaultChannelHandlerContext.java:208)
	at io.netty.channel.DefaultChannelHandlerContext.fireChannelActive(DefaultChannelHandlerContext.java:194)
	at io.netty.channel.ChannelInboundHandlerAdapter.channelActive(ChannelInboundHandlerAdapter.java:64)
	at io.netty.channel.DefaultChannelHandlerContext.invokeChannelActive(DefaultChannelHandlerContext.java:208)
	at io.netty.channel.DefaultChannelHandlerContext.fireChannelActive(DefaultChannelHandlerContext.java:194)
	at io.netty.channel.DefaultChannelPipeline.fireChannelActive(DefaultChannelPipeline.java:756)
	at io.netty.channel.nio.AbstractNioChannel$AbstractNioUnsafe.finishConnect(AbstractNioChannel.java:234)
	at io.netty.channel.nio.NioEventLoop.processSelectedKey(NioEventLoop.java:513)
	at io.netty.channel.nio.NioEventLoop.processSelectedKeysOptimized(NioEventLoop.java:465)
	at io.netty.channel.nio.NioEventLoop.run(NioEventLoop.java:359)
	at io.netty.util.concurrent.SingleThreadEventExecutor$2.run(SingleThreadEventExecutor.java:101)
	at java.lang.Thread.run(Thread.java:662)
Caused by: java.lang.IllegalArgumentException: Failed to parse protocol buffer descriptor for generated code.
	at com.google.protobuf.Descriptors$FileDescriptor.internalBuildGeneratedFileFrom(Descriptors.java:293)
	at us.longda.tools.proto.MessageEvent.<clinit>(MessageEvent.java:1859)
	... 22 more
Caused by: com.google.protobuf.InvalidProtocolBufferException: While parsing a protocol message, the input ended unexpectedly in the middle of a field.  This could mean either than the input has been truncated or that an embedded message misreported its own length.
	at com.google.protobuf.InvalidProtocolBufferException.truncatedMessage(InvalidProtocolBufferException.java:70)
	at com.google.protobuf.CodedInputStream.pushLimit(CodedInputStream.java:651)
	at com.google.protobuf.CodedInputStream.readMessage(CodedInputStream.java:307)
	at com.google.protobuf.DescriptorProtos$FileDescriptorProto.<init>(DescriptorProtos.java:1134)
	at com.google.protobuf.DescriptorProtos$FileDescriptorProto.<init>(DescriptorProtos.java:1031)
	at com.google.protobuf.DescriptorProtos$FileDescriptorProto$1.parsePartialFrom(DescriptorProtos.java:1248)
	at com.google.protobuf.DescriptorProtos$FileDescriptorProto$1.parsePartialFrom(DescriptorProtos.java:1243)
	at com.google.protobuf.AbstractParser.parsePartialFrom(AbstractParser.java:141)
	at com.google.protobuf.AbstractParser.parseFrom(AbstractParser.java:176)
	at com.google.protobuf.AbstractParser.parseFrom(AbstractParser.java:188)
	at com.google.protobuf.AbstractParser.parseFrom(AbstractParser.java:193)
	at com.google.protobuf.AbstractParser.parseFrom(AbstractParser.java:49)
	at com.google.protobuf.DescriptorProtos$FileDescriptorProto.parseFrom(DescriptorProtos.java:1897)
	at com.google.protobuf.Descriptors$FileDescriptor.internalBuildGeneratedFileFrom(Descriptors.java:291)
	... 23 more
2013-08-19 23:19:28 [us.longda.tools.client.ClientHandler:exceptionCaught] [ERROR]  Unexpected exception from downstream.
java.lang.NullPointerException
	at us.longda.tools.proto.MessageDecoder.handleLeft(MessageDecoder.java:68)
	at us.longda.tools.proto.MessageDecoder.channelInactive(MessageDecoder.java:214)
	at io.netty.channel.DefaultChannelHandlerContext.invokeChannelInactive(DefaultChannelHandlerContext.java:233)
	at io.netty.channel.DefaultChannelHandlerContext.fireChannelInactive(DefaultChannelHandlerContext.java:219)
	at io.netty.channel.DefaultChannelPipeline.fireChannelInactive(DefaultChannelPipeline.java:771)
	at io.netty.channel.AbstractChannel$AbstractUnsafe$5.run(AbstractChannel.java:551)
	at io.netty.util.concurrent.SingleThreadEventExecutor.runAllTasks(SingleThreadEventExecutor.java:354)
	at io.netty.channel.nio.NioEventLoop.run(NioEventLoop.java:366)
	at io.netty.util.concurrent.SingleThreadEventExecutor$2.run(SingleThreadEventExecutor.java:101)
	at java.lang.Thread.run(Thread.java:662)
2013-08-19 23:22:16 [io.netty.handler.logging.LoggingHandler:log] [INFO]  [id: 0xf7811c68] REGISTERED
2013-08-19 23:22:16 [io.netty.handler.logging.LoggingHandler:log] [INFO]  [id: 0xf7811c68] BIND(0.0.0.0/0.0.0.0:9000)
2013-08-19 23:22:16 [io.netty.handler.logging.LoggingHandler:log] [INFO]  [id: 0xf7811c68, /0.0.0.0:9000] ACTIVE
2013-08-19 23:22:16 [io.netty.handler.logging.LoggingHandler:log] [INFO]  [id: 0xf7811c68, /0.0.0.0:9000] RECEIVED: [id: 0x26c7f79a, /127.0.0.1:50219 => /127.0.0.1:9000]
2013-08-19 23:22:20 [us.longda.tools.client.ClientHandler:exceptionCaught] [ERROR]  Unexpected exception from downstream.
java.lang.ExceptionInInitializerError
	at us.longda.tools.proto.MessageEvent$Request.internalGetFieldAccessorTable(MessageEvent.java:175)
	at com.google.protobuf.GeneratedMessage.getAllFieldsMutable(GeneratedMessage.java:105)
	at com.google.protobuf.GeneratedMessage.getAllFields(GeneratedMessage.java:153)
	at com.google.protobuf.TextFormat$Printer.print(TextFormat.java:272)
	at com.google.protobuf.TextFormat$Printer.access$400(TextFormat.java:248)
	at com.google.protobuf.TextFormat.print(TextFormat.java:71)
	at com.google.protobuf.TextFormat.printToString(TextFormat.java:118)
	at com.google.protobuf.AbstractMessage.toString(AbstractMessage.java:106)
	at us.longda.tools.client.ClientHandler.sendRequest(ClientHandler.java:97)
	at us.longda.tools.client.ClientHandler.channelActive(ClientHandler.java:143)
	at io.netty.channel.DefaultChannelHandlerContext.invokeChannelActive(DefaultChannelHandlerContext.java:208)
	at io.netty.channel.DefaultChannelHandlerContext.fireChannelActive(DefaultChannelHandlerContext.java:194)
	at io.netty.channel.ChannelInboundHandlerAdapter.channelActive(ChannelInboundHandlerAdapter.java:64)
	at io.netty.channel.DefaultChannelHandlerContext.invokeChannelActive(DefaultChannelHandlerContext.java:208)
	at io.netty.channel.DefaultChannelHandlerContext.fireChannelActive(DefaultChannelHandlerContext.java:194)
	at io.netty.channel.DefaultChannelPipeline.fireChannelActive(DefaultChannelPipeline.java:756)
	at io.netty.channel.nio.AbstractNioChannel$AbstractNioUnsafe.finishConnect(AbstractNioChannel.java:234)
	at io.netty.channel.nio.NioEventLoop.processSelectedKey(NioEventLoop.java:513)
	at io.netty.channel.nio.NioEventLoop.processSelectedKeysOptimized(NioEventLoop.java:465)
	at io.netty.channel.nio.NioEventLoop.run(NioEventLoop.java:359)
	at io.netty.util.concurrent.SingleThreadEventExecutor$2.run(SingleThreadEventExecutor.java:101)
	at java.lang.Thread.run(Thread.java:662)
Caused by: java.lang.IllegalArgumentException: Failed to parse protocol buffer descriptor for generated code.
	at com.google.protobuf.Descriptors$FileDescriptor.internalBuildGeneratedFileFrom(Descriptors.java:293)
	at us.longda.tools.proto.MessageEvent.<clinit>(MessageEvent.java:1859)
	... 22 more
Caused by: com.google.protobuf.InvalidProtocolBufferException: While parsing a protocol message, the input ended unexpectedly in the middle of a field.  This could mean either than the input has been truncated or that an embedded message misreported its own length.
	at com.google.protobuf.InvalidProtocolBufferException.truncatedMessage(InvalidProtocolBufferException.java:70)
	at com.google.protobuf.CodedInputStream.pushLimit(CodedInputStream.java:651)
	at com.google.protobuf.CodedInputStream.readMessage(CodedInputStream.java:307)
	at com.google.protobuf.DescriptorProtos$FileDescriptorProto.<init>(DescriptorProtos.java:1134)
	at com.google.protobuf.DescriptorProtos$FileDescriptorProto.<init>(DescriptorProtos.java:1031)
	at com.google.protobuf.DescriptorProtos$FileDescriptorProto$1.parsePartialFrom(DescriptorProtos.java:1248)
	at com.google.protobuf.DescriptorProtos$FileDescriptorProto$1.parsePartialFrom(DescriptorProtos.java:1243)
	at com.google.protobuf.AbstractParser.parsePartialFrom(AbstractParser.java:141)
	at com.google.protobuf.AbstractParser.parseFrom(AbstractParser.java:176)
	at com.google.protobuf.AbstractParser.parseFrom(AbstractParser.java:188)
	at com.google.protobuf.AbstractParser.parseFrom(AbstractParser.java:193)
	at com.google.protobuf.AbstractParser.parseFrom(AbstractParser.java:49)
	at com.google.protobuf.DescriptorProtos$FileDescriptorProto.parseFrom(DescriptorProtos.java:1897)
	at com.google.protobuf.Descriptors$FileDescriptor.internalBuildGeneratedFileFrom(Descriptors.java:291)
	... 23 more
2013-08-19 23:24:44 [io.netty.handler.logging.LoggingHandler:log] [INFO]  [id: 0xa383eb1c] REGISTERED
2013-08-19 23:24:44 [io.netty.handler.logging.LoggingHandler:log] [INFO]  [id: 0xa383eb1c] BIND(0.0.0.0/0.0.0.0:9000)
2013-08-19 23:24:44 [io.netty.handler.logging.LoggingHandler:log] [INFO]  [id: 0xa383eb1c, /0.0.0.0:9000] ACTIVE
2013-08-19 23:24:45 [io.netty.handler.logging.LoggingHandler:log] [INFO]  [id: 0xa383eb1c, /0.0.0.0:9000] RECEIVED: [id: 0xee6798b9, /127.0.0.1:50308 => /127.0.0.1:9000]
2013-08-19 23:24:48 [us.longda.tools.client.ClientHandler:exceptionCaught] [ERROR]  Unexpected exception from downstream.
java.lang.ExceptionInInitializerError
	at us.longda.tools.proto.MessageEvent$Request.internalGetFieldAccessorTable(MessageEvent.java:175)
	at com.google.protobuf.GeneratedMessage.getAllFieldsMutable(GeneratedMessage.java:105)
	at com.google.protobuf.GeneratedMessage.getAllFields(GeneratedMessage.java:153)
	at com.google.protobuf.TextFormat$Printer.print(TextFormat.java:272)
	at com.google.protobuf.TextFormat$Printer.access$400(TextFormat.java:248)
	at com.google.protobuf.TextFormat.print(TextFormat.java:71)
	at com.google.protobuf.TextFormat.printToString(TextFormat.java:118)
	at com.google.protobuf.AbstractMessage.toString(AbstractMessage.java:106)
	at us.longda.tools.client.ClientHandler.sendRequest(ClientHandler.java:97)
	at us.longda.tools.client.ClientHandler.channelActive(ClientHandler.java:143)
	at io.netty.channel.DefaultChannelHandlerContext.invokeChannelActive(DefaultChannelHandlerContext.java:208)
	at io.netty.channel.DefaultChannelHandlerContext.fireChannelActive(DefaultChannelHandlerContext.java:194)
	at io.netty.channel.ChannelInboundHandlerAdapter.channelActive(ChannelInboundHandlerAdapter.java:64)
	at io.netty.channel.DefaultChannelHandlerContext.invokeChannelActive(DefaultChannelHandlerContext.java:208)
	at io.netty.channel.DefaultChannelHandlerContext.fireChannelActive(DefaultChannelHandlerContext.java:194)
	at io.netty.channel.DefaultChannelPipeline.fireChannelActive(DefaultChannelPipeline.java:756)
	at io.netty.channel.nio.AbstractNioChannel$AbstractNioUnsafe.finishConnect(AbstractNioChannel.java:234)
	at io.netty.channel.nio.NioEventLoop.processSelectedKey(NioEventLoop.java:513)
	at io.netty.channel.nio.NioEventLoop.processSelectedKeysOptimized(NioEventLoop.java:465)
	at io.netty.channel.nio.NioEventLoop.run(NioEventLoop.java:359)
	at io.netty.util.concurrent.SingleThreadEventExecutor$2.run(SingleThreadEventExecutor.java:101)
	at java.lang.Thread.run(Thread.java:662)
Caused by: java.lang.IllegalArgumentException: Failed to parse protocol buffer descriptor for generated code.
	at com.google.protobuf.Descriptors$FileDescriptor.internalBuildGeneratedFileFrom(Descriptors.java:293)
	at us.longda.tools.proto.MessageEvent.<clinit>(MessageEvent.java:1859)
	... 22 more
Caused by: com.google.protobuf.InvalidProtocolBufferException: While parsing a protocol message, the input ended unexpectedly in the middle of a field.  This could mean either than the input has been truncated or that an embedded message misreported its own length.
	at com.google.protobuf.InvalidProtocolBufferException.truncatedMessage(InvalidProtocolBufferException.java:70)
	at com.google.protobuf.CodedInputStream.pushLimit(CodedInputStream.java:651)
	at com.google.protobuf.CodedInputStream.readMessage(CodedInputStream.java:307)
	at com.google.protobuf.DescriptorProtos$FileDescriptorProto.<init>(DescriptorProtos.java:1134)
	at com.google.protobuf.DescriptorProtos$FileDescriptorProto.<init>(DescriptorProtos.java:1031)
	at com.google.protobuf.DescriptorProtos$FileDescriptorProto$1.parsePartialFrom(DescriptorProtos.java:1248)
	at com.google.protobuf.DescriptorProtos$FileDescriptorProto$1.parsePartialFrom(DescriptorProtos.java:1243)
	at com.google.protobuf.AbstractParser.parsePartialFrom(AbstractParser.java:141)
	at com.google.protobuf.AbstractParser.parseFrom(AbstractParser.java:176)
	at com.google.protobuf.AbstractParser.parseFrom(AbstractParser.java:188)
	at com.google.protobuf.AbstractParser.parseFrom(AbstractParser.java:193)
	at com.google.protobuf.AbstractParser.parseFrom(AbstractParser.java:49)
	at com.google.protobuf.DescriptorProtos$FileDescriptorProto.parseFrom(DescriptorProtos.java:1897)
	at com.google.protobuf.Descriptors$FileDescriptor.internalBuildGeneratedFileFrom(Descriptors.java:291)
	... 23 more
2013-08-19 23:27:26 [us.longda.tools.server.ServiceHandler:exceptionCaught] [ERROR]  Unexpected exception from downstream.
java.lang.NoClassDefFoundError: Could not initialize class us.longda.tools.proto.MessageEvent
	at us.longda.tools.proto.MessageEvent$Request.internalGetFieldAccessorTable(MessageEvent.java:175)
	at com.google.protobuf.GeneratedMessage.getAllFieldsMutable(GeneratedMessage.java:105)
	at com.google.protobuf.GeneratedMessage.getAllFields(GeneratedMessage.java:153)
	at com.google.protobuf.TextFormat$Printer.print(TextFormat.java:272)
	at com.google.protobuf.TextFormat$Printer.access$400(TextFormat.java:248)
	at com.google.protobuf.TextFormat.print(TextFormat.java:71)
	at com.google.protobuf.TextFormat.printToString(TextFormat.java:118)
	at com.google.protobuf.AbstractMessage.toString(AbstractMessage.java:106)
	at us.longda.tools.server.ServiceHandler.recvRequest(ServiceHandler.java:56)
	at us.longda.tools.server.ServiceHandler.channelRead(ServiceHandler.java:103)
	at io.netty.channel.DefaultChannelHandlerContext.invokeChannelRead(DefaultChannelHandlerContext.java:333)
	at io.netty.channel.DefaultChannelHandlerContext.fireChannelRead(DefaultChannelHandlerContext.java:319)
	at us.longda.tools.proto.MessageDecoder.handleOneMessage(MessageDecoder.java:110)
	at us.longda.tools.proto.MessageDecoder.handleReadBuf(MessageDecoder.java:156)
	at us.longda.tools.proto.MessageDecoder.channelRead(MessageDecoder.java:173)
	at io.netty.channel.DefaultChannelHandlerContext.invokeChannelRead(DefaultChannelHandlerContext.java:333)
	at io.netty.channel.DefaultChannelHandlerContext.fireChannelRead(DefaultChannelHandlerContext.java:319)
	at io.netty.channel.DefaultChannelPipeline.fireChannelRead(DefaultChannelPipeline.java:789)
	at io.netty.channel.nio.AbstractNioByteChannel$NioByteUnsafe.read(AbstractNioByteChannel.java:100)
	at io.netty.channel.nio.NioEventLoop.processSelectedKey(NioEventLoop.java:497)
	at io.netty.channel.nio.NioEventLoop.processSelectedKeysOptimized(NioEventLoop.java:465)
	at io.netty.channel.nio.NioEventLoop.run(NioEventLoop.java:359)
	at io.netty.util.concurrent.SingleThreadEventExecutor$2.run(SingleThreadEventExecutor.java:101)
	at java.lang.Thread.run(Thread.java:662)
2013-08-19 23:28:04 [io.netty.handler.logging.LoggingHandler:log] [INFO]  [id: 0x8b050aa6] REGISTERED
2013-08-19 23:28:04 [io.netty.handler.logging.LoggingHandler:log] [INFO]  [id: 0x8b050aa6] BIND(0.0.0.0/0.0.0.0:9000)
2013-08-19 23:28:04 [io.netty.handler.logging.LoggingHandler:log] [INFO]  [id: 0x8b050aa6, /0.0.0.0:9000] ACTIVE
2013-08-19 23:28:05 [io.netty.handler.logging.LoggingHandler:log] [INFO]  [id: 0x8b050aa6, /0.0.0.0:9000] RECEIVED: [id: 0x8325aad8, /127.0.0.1:50396 => /127.0.0.1:9000]
2013-08-19 23:28:05 [us.longda.tools.client.ClientHandler:exceptionCaught] [ERROR]  Unexpected exception from downstream.
java.lang.ExceptionInInitializerError
	at us.longda.tools.proto.MessageEvent$Request.internalGetFieldAccessorTable(MessageEvent.java:175)
	at com.google.protobuf.GeneratedMessage.getAllFieldsMutable(GeneratedMessage.java:105)
	at com.google.protobuf.GeneratedMessage.getAllFields(GeneratedMessage.java:153)
	at com.google.protobuf.TextFormat$Printer.print(TextFormat.java:272)
	at com.google.protobuf.TextFormat$Printer.access$400(TextFormat.java:248)
	at com.google.protobuf.TextFormat.print(TextFormat.java:71)
	at com.google.protobuf.TextFormat.printToString(TextFormat.java:118)
	at com.google.protobuf.AbstractMessage.toString(AbstractMessage.java:106)
	at us.longda.tools.client.ClientHandler.sendRequest(ClientHandler.java:97)
	at us.longda.tools.client.ClientHandler.channelActive(ClientHandler.java:143)
	at io.netty.channel.DefaultChannelHandlerContext.invokeChannelActive(DefaultChannelHandlerContext.java:208)
	at io.netty.channel.DefaultChannelHandlerContext.fireChannelActive(DefaultChannelHandlerContext.java:194)
	at io.netty.channel.ChannelInboundHandlerAdapter.channelActive(ChannelInboundHandlerAdapter.java:64)
	at io.netty.channel.DefaultChannelHandlerContext.invokeChannelActive(DefaultChannelHandlerContext.java:208)
	at io.netty.channel.DefaultChannelHandlerContext.fireChannelActive(DefaultChannelHandlerContext.java:194)
	at io.netty.channel.DefaultChannelPipeline.fireChannelActive(DefaultChannelPipeline.java:756)
	at io.netty.channel.nio.AbstractNioChannel$AbstractNioUnsafe.finishConnect(AbstractNioChannel.java:234)
	at io.netty.channel.nio.NioEventLoop.processSelectedKey(NioEventLoop.java:513)
	at io.netty.channel.nio.NioEventLoop.processSelectedKeysOptimized(NioEventLoop.java:465)
	at io.netty.channel.nio.NioEventLoop.run(NioEventLoop.java:359)
	at io.netty.util.concurrent.SingleThreadEventExecutor$2.run(SingleThreadEventExecutor.java:101)
	at java.lang.Thread.run(Thread.java:662)
Caused by: java.lang.IllegalArgumentException: Failed to parse protocol buffer descriptor for generated code.
	at com.google.protobuf.Descriptors$FileDescriptor.internalBuildGeneratedFileFrom(Descriptors.java:293)
	at us.longda.tools.proto.MessageEvent.<clinit>(MessageEvent.java:1859)
	... 22 more
Caused by: com.google.protobuf.InvalidProtocolBufferException: While parsing a protocol message, the input ended unexpectedly in the middle of a field.  This could mean either than the input has been truncated or that an embedded message misreported its own length.
	at com.google.protobuf.InvalidProtocolBufferException.truncatedMessage(InvalidProtocolBufferException.java:70)
	at com.google.protobuf.CodedInputStream.pushLimit(CodedInputStream.java:651)
	at com.google.protobuf.CodedInputStream.readMessage(CodedInputStream.java:307)
	at com.google.protobuf.DescriptorProtos$FileDescriptorProto.<init>(DescriptorProtos.java:1134)
	at com.google.protobuf.DescriptorProtos$FileDescriptorProto.<init>(DescriptorProtos.java:1031)
	at com.google.protobuf.DescriptorProtos$FileDescriptorProto$1.parsePartialFrom(DescriptorProtos.java:1248)
	at com.google.protobuf.DescriptorProtos$FileDescriptorProto$1.parsePartialFrom(DescriptorProtos.java:1243)
	at com.google.protobuf.AbstractParser.parsePartialFrom(AbstractParser.java:141)
	at com.google.protobuf.AbstractParser.parseFrom(AbstractParser.java:176)
	at com.google.protobuf.AbstractParser.parseFrom(AbstractParser.java:188)
	at com.google.protobuf.AbstractParser.parseFrom(AbstractParser.java:193)
	at com.google.protobuf.AbstractParser.parseFrom(AbstractParser.java:49)
	at com.google.protobuf.DescriptorProtos$FileDescriptorProto.parseFrom(DescriptorProtos.java:1897)
	at com.google.protobuf.Descriptors$FileDescriptor.internalBuildGeneratedFileFrom(Descriptors.java:291)
	... 23 more
2013-08-19 23:28:05 [us.longda.tools.server.ServiceHandler:exceptionCaught] [ERROR]  Unexpected exception from downstream.
java.lang.NoClassDefFoundError: Could not initialize class us.longda.tools.proto.MessageEvent
	at us.longda.tools.proto.MessageEvent$Request.internalGetFieldAccessorTable(MessageEvent.java:175)
	at com.google.protobuf.GeneratedMessage.getAllFieldsMutable(GeneratedMessage.java:105)
	at com.google.protobuf.GeneratedMessage.getAllFields(GeneratedMessage.java:153)
	at com.google.protobuf.TextFormat$Printer.print(TextFormat.java:272)
	at com.google.protobuf.TextFormat$Printer.access$400(TextFormat.java:248)
	at com.google.protobuf.TextFormat.print(TextFormat.java:71)
	at com.google.protobuf.TextFormat.printToString(TextFormat.java:118)
	at com.google.protobuf.AbstractMessage.toString(AbstractMessage.java:106)
	at us.longda.tools.server.ServiceHandler.recvRequest(ServiceHandler.java:56)
	at us.longda.tools.server.ServiceHandler.channelRead(ServiceHandler.java:103)
	at io.netty.channel.DefaultChannelHandlerContext.invokeChannelRead(DefaultChannelHandlerContext.java:333)
	at io.netty.channel.DefaultChannelHandlerContext.fireChannelRead(DefaultChannelHandlerContext.java:319)
	at us.longda.tools.proto.MessageDecoder.handleOneMessage(MessageDecoder.java:110)
	at us.longda.tools.proto.MessageDecoder.handleReadBuf(MessageDecoder.java:156)
	at us.longda.tools.proto.MessageDecoder.channelRead(MessageDecoder.java:173)
	at io.netty.channel.DefaultChannelHandlerContext.invokeChannelRead(DefaultChannelHandlerContext.java:333)
	at io.netty.channel.DefaultChannelHandlerContext.fireChannelRead(DefaultChannelHandlerContext.java:319)
	at io.netty.channel.DefaultChannelPipeline.fireChannelRead(DefaultChannelPipeline.java:789)
	at io.netty.channel.nio.AbstractNioByteChannel$NioByteUnsafe.read(AbstractNioByteChannel.java:100)
	at io.netty.channel.nio.NioEventLoop.processSelectedKey(NioEventLoop.java:497)
	at io.netty.channel.nio.NioEventLoop.processSelectedKeysOptimized(NioEventLoop.java:465)
	at io.netty.channel.nio.NioEventLoop.run(NioEventLoop.java:359)
	at io.netty.util.concurrent.SingleThreadEventExecutor$2.run(SingleThreadEventExecutor.java:101)
	at java.lang.Thread.run(Thread.java:662)
2013-08-19 23:28:05 [us.longda.tools.server.ServiceHandler:exceptionCaught] [ERROR]  Unexpected exception from downstream.
java.lang.NullPointerException
	at us.longda.tools.proto.MessageDecoder.channelReadComplete(MessageDecoder.java:204)
	at io.netty.channel.DefaultChannelHandlerContext.invokeChannelReadComplete(DefaultChannelHandlerContext.java:362)
	at io.netty.channel.DefaultChannelHandlerContext.fireChannelReadComplete(DefaultChannelHandlerContext.java:344)
	at io.netty.channel.DefaultChannelPipeline.fireChannelReadComplete(DefaultChannelPipeline.java:795)
	at io.netty.channel.nio.AbstractNioByteChannel$NioByteUnsafe.read(AbstractNioByteChannel.java:118)
	at io.netty.channel.nio.NioEventLoop.processSelectedKey(NioEventLoop.java:497)
	at io.netty.channel.nio.NioEventLoop.processSelectedKeysOptimized(NioEventLoop.java:465)
	at io.netty.channel.nio.NioEventLoop.run(NioEventLoop.java:359)
	at io.netty.util.concurrent.SingleThreadEventExecutor$2.run(SingleThreadEventExecutor.java:101)
	at java.lang.Thread.run(Thread.java:662)
2013-08-19 23:32:55 [io.netty.handler.logging.LoggingHandler:log] [INFO]  [id: 0x7154bc93] REGISTERED
2013-08-19 23:32:55 [io.netty.handler.logging.LoggingHandler:log] [INFO]  [id: 0x7154bc93] BIND(0.0.0.0/0.0.0.0:9000)
2013-08-19 23:32:55 [io.netty.handler.logging.LoggingHandler:log] [INFO]  [id: 0x7154bc93] CLOSE()
2013-08-19 23:32:55 [io.netty.handler.logging.LoggingHandler:log] [INFO]  [id: 0x7154bc93] UNREGISTERED
2013-08-19 23:32:56 [io.netty.handler.logging.LoggingHandler:log] [INFO]  [id: 0x8b050aa6, /0.0.0.0:9000] RECEIVED: [id: 0x818bf355, /127.0.0.1:50515 => /127.0.0.1:9000]
2013-08-19 23:32:56 [us.longda.tools.server.ServiceHandler:exceptionCaught] [ERROR]  Unexpected exception from downstream.
java.lang.NoClassDefFoundError: Could not initialize class us.longda.tools.proto.MessageEvent
	at us.longda.tools.proto.MessageEvent$Request.internalGetFieldAccessorTable(MessageEvent.java:175)
	at com.google.protobuf.GeneratedMessage.getAllFieldsMutable(GeneratedMessage.java:105)
	at com.google.protobuf.GeneratedMessage.getAllFields(GeneratedMessage.java:153)
	at com.google.protobuf.TextFormat$Printer.print(TextFormat.java:272)
	at com.google.protobuf.TextFormat$Printer.access$400(TextFormat.java:248)
	at com.google.protobuf.TextFormat.print(TextFormat.java:71)
	at com.google.protobuf.TextFormat.printToString(TextFormat.java:118)
	at com.google.protobuf.AbstractMessage.toString(AbstractMessage.java:106)
	at us.longda.tools.server.ServiceHandler.recvRequest(ServiceHandler.java:56)
	at us.longda.tools.server.ServiceHandler.channelRead(ServiceHandler.java:103)
	at io.netty.channel.DefaultChannelHandlerContext.invokeChannelRead(DefaultChannelHandlerContext.java:333)
	at io.netty.channel.DefaultChannelHandlerContext.fireChannelRead(DefaultChannelHandlerContext.java:319)
	at us.longda.tools.proto.MessageDecoder.handleOneMessage(MessageDecoder.java:110)
	at us.longda.tools.proto.MessageDecoder.handleReadBuf(MessageDecoder.java:156)
	at us.longda.tools.proto.MessageDecoder.channelRead(MessageDecoder.java:173)
	at io.netty.channel.DefaultChannelHandlerContext.invokeChannelRead(DefaultChannelHandlerContext.java:333)
	at io.netty.channel.DefaultChannelHandlerContext.fireChannelRead(DefaultChannelHandlerContext.java:319)
	at io.netty.channel.DefaultChannelPipeline.fireChannelRead(DefaultChannelPipeline.java:789)
	at io.netty.channel.nio.AbstractNioByteChannel$NioByteUnsafe.read(AbstractNioByteChannel.java:100)
	at io.netty.channel.nio.NioEventLoop.processSelectedKey(NioEventLoop.java:497)
	at io.netty.channel.nio.NioEventLoop.processSelectedKeysOptimized(NioEventLoop.java:465)
	at io.netty.channel.nio.NioEventLoop.run(NioEventLoop.java:359)
	at io.netty.util.concurrent.SingleThreadEventExecutor$2.run(SingleThreadEventExecutor.java:101)
	at java.lang.Thread.run(Thread.java:662)
2013-08-19 23:32:56 [us.longda.tools.server.ServiceHandler:exceptionCaught] [ERROR]  Unexpected exception from downstream.
java.lang.NullPointerException
	at us.longda.tools.proto.MessageDecoder.channelReadComplete(MessageDecoder.java:204)
	at io.netty.channel.DefaultChannelHandlerContext.invokeChannelReadComplete(DefaultChannelHandlerContext.java:362)
	at io.netty.channel.DefaultChannelHandlerContext.fireChannelReadComplete(DefaultChannelHandlerContext.java:344)
	at io.netty.channel.DefaultChannelPipeline.fireChannelReadComplete(DefaultChannelPipeline.java:795)
	at io.netty.channel.nio.AbstractNioByteChannel$NioByteUnsafe.read(AbstractNioByteChannel.java:118)
	at io.netty.channel.nio.NioEventLoop.processSelectedKey(NioEventLoop.java:497)
	at io.netty.channel.nio.NioEventLoop.processSelectedKeysOptimized(NioEventLoop.java:465)
	at io.netty.channel.nio.NioEventLoop.run(NioEventLoop.java:359)
	at io.netty.util.concurrent.SingleThreadEventExecutor$2.run(SingleThreadEventExecutor.java:101)
	at java.lang.Thread.run(Thread.java:662)
2013-08-19 23:32:56 [us.longda.tools.client.ClientHandler:sendRequest] [INFO]  Send one request 1
2013-08-19 23:32:56 [us.longda.tools.client.ClientHandler:exceptionCaught] [ERROR]  Unexpected exception from downstream.
java.lang.NullPointerException
	at us.longda.tools.proto.MessageDecoder.channelReadComplete(MessageDecoder.java:204)
	at io.netty.channel.DefaultChannelHandlerContext.invokeChannelReadComplete(DefaultChannelHandlerContext.java:362)
	at io.netty.channel.DefaultChannelHandlerContext.fireChannelReadComplete(DefaultChannelHandlerContext.java:344)
	at io.netty.channel.DefaultChannelPipeline.fireChannelReadComplete(DefaultChannelPipeline.java:795)
	at io.netty.channel.nio.AbstractNioByteChannel$NioByteUnsafe.read(AbstractNioByteChannel.java:118)
	at io.netty.channel.nio.NioEventLoop.processSelectedKey(NioEventLoop.java:497)
	at io.netty.channel.nio.NioEventLoop.processSelectedKeysOptimized(NioEventLoop.java:465)
	at io.netty.channel.nio.NioEventLoop.run(NioEventLoop.java:359)
	at io.netty.util.concurrent.SingleThreadEventExecutor$2.run(SingleThreadEventExecutor.java:101)
	at java.lang.Thread.run(Thread.java:662)
2013-08-19 23:33:29 [io.netty.handler.logging.LoggingHandler:log] [INFO]  [id: 0x9c159293] REGISTERED
2013-08-19 23:33:29 [io.netty.handler.logging.LoggingHandler:log] [INFO]  [id: 0x9c159293] BIND(0.0.0.0/0.0.0.0:9000)
2013-08-19 23:33:29 [io.netty.handler.logging.LoggingHandler:log] [INFO]  [id: 0x9c159293, /0.0.0.0:9000] ACTIVE
2013-08-19 23:33:30 [io.netty.handler.logging.LoggingHandler:log] [INFO]  [id: 0x9c159293, /0.0.0.0:9000] RECEIVED: [id: 0x79a84182, /127.0.0.1:50575 => /127.0.0.1:9000]
2013-08-19 23:33:30 [us.longda.tools.client.ClientHandler:sendRequest] [INFO]  Send one request 1
2013-08-19 23:33:30 [us.longda.tools.server.ServiceHandler:exceptionCaught] [ERROR]  Unexpected exception from downstream.
java.lang.ExceptionInInitializerError
	at us.longda.tools.proto.MessageEvent$Request.internalGetFieldAccessorTable(MessageEvent.java:175)
	at com.google.protobuf.GeneratedMessage.getAllFieldsMutable(GeneratedMessage.java:105)
	at com.google.protobuf.GeneratedMessage.getAllFields(GeneratedMessage.java:153)
	at com.google.protobuf.TextFormat$Printer.print(TextFormat.java:272)
	at com.google.protobuf.TextFormat$Printer.access$400(TextFormat.java:248)
	at com.google.protobuf.TextFormat.print(TextFormat.java:71)
	at com.google.protobuf.TextFormat.printToString(TextFormat.java:118)
	at com.google.protobuf.AbstractMessage.toString(AbstractMessage.java:106)
	at us.longda.tools.server.ServiceHandler.recvRequest(ServiceHandler.java:56)
	at us.longda.tools.server.ServiceHandler.channelRead(ServiceHandler.java:107)
	at io.netty.channel.DefaultChannelHandlerContext.invokeChannelRead(DefaultChannelHandlerContext.java:333)
	at io.netty.channel.DefaultChannelHandlerContext.fireChannelRead(DefaultChannelHandlerContext.java:319)
	at us.longda.tools.proto.MessageDecoder.handleOneMessage(MessageDecoder.java:110)
	at us.longda.tools.proto.MessageDecoder.handleReadBuf(MessageDecoder.java:156)
	at us.longda.tools.proto.MessageDecoder.channelRead(MessageDecoder.java:173)
	at io.netty.channel.DefaultChannelHandlerContext.invokeChannelRead(DefaultChannelHandlerContext.java:333)
	at io.netty.channel.DefaultChannelHandlerContext.fireChannelRead(DefaultChannelHandlerContext.java:319)
	at io.netty.channel.DefaultChannelPipeline.fireChannelRead(DefaultChannelPipeline.java:789)
	at io.netty.channel.nio.AbstractNioByteChannel$NioByteUnsafe.read(AbstractNioByteChannel.java:100)
	at io.netty.channel.nio.NioEventLoop.processSelectedKey(NioEventLoop.java:497)
	at io.netty.channel.nio.NioEventLoop.processSelectedKeysOptimized(NioEventLoop.java:465)
	at io.netty.channel.nio.NioEventLoop.run(NioEventLoop.java:359)
	at io.netty.util.concurrent.SingleThreadEventExecutor$2.run(SingleThreadEventExecutor.java:101)
	at java.lang.Thread.run(Thread.java:662)
Caused by: java.lang.IllegalArgumentException: Failed to parse protocol buffer descriptor for generated code.
	at com.google.protobuf.Descriptors$FileDescriptor.internalBuildGeneratedFileFrom(Descriptors.java:293)
	at us.longda.tools.proto.MessageEvent.<clinit>(MessageEvent.java:1859)
	... 24 more
Caused by: com.google.protobuf.InvalidProtocolBufferException: While parsing a protocol message, the input ended unexpectedly in the middle of a field.  This could mean either than the input has been truncated or that an embedded message misreported its own length.
	at com.google.protobuf.InvalidProtocolBufferException.truncatedMessage(InvalidProtocolBufferException.java:70)
	at com.google.protobuf.CodedInputStream.pushLimit(CodedInputStream.java:651)
	at com.google.protobuf.CodedInputStream.readMessage(CodedInputStream.java:307)
	at com.google.protobuf.DescriptorProtos$FileDescriptorProto.<init>(DescriptorProtos.java:1134)
	at com.google.protobuf.DescriptorProtos$FileDescriptorProto.<init>(DescriptorProtos.java:1031)
	at com.google.protobuf.DescriptorProtos$FileDescriptorProto$1.parsePartialFrom(DescriptorProtos.java:1248)
	at com.google.protobuf.DescriptorProtos$FileDescriptorProto$1.parsePartialFrom(DescriptorProtos.java:1243)
	at com.google.protobuf.AbstractParser.parsePartialFrom(AbstractParser.java:141)
	at com.google.protobuf.AbstractParser.parseFrom(AbstractParser.java:176)
	at com.google.protobuf.AbstractParser.parseFrom(AbstractParser.java:188)
	at com.google.protobuf.AbstractParser.parseFrom(AbstractParser.java:193)
	at com.google.protobuf.AbstractParser.parseFrom(AbstractParser.java:49)
	at com.google.protobuf.DescriptorProtos$FileDescriptorProto.parseFrom(DescriptorProtos.java:1897)
	at com.google.protobuf.Descriptors$FileDescriptor.internalBuildGeneratedFileFrom(Descriptors.java:291)
	... 25 more
2013-08-19 23:33:30 [us.longda.tools.client.ClientHandler:exceptionCaught] [ERROR]  Unexpected exception from downstream.
java.lang.NullPointerException
	at us.longda.tools.proto.MessageDecoder.channelReadComplete(MessageDecoder.java:204)
	at io.netty.channel.DefaultChannelHandlerContext.invokeChannelReadComplete(DefaultChannelHandlerContext.java:362)
	at io.netty.channel.DefaultChannelHandlerContext.fireChannelReadComplete(DefaultChannelHandlerContext.java:344)
	at io.netty.channel.DefaultChannelPipeline.fireChannelReadComplete(DefaultChannelPipeline.java:795)
	at io.netty.channel.nio.AbstractNioByteChannel$NioByteUnsafe.read(AbstractNioByteChannel.java:118)
	at io.netty.channel.nio.NioEventLoop.processSelectedKey(NioEventLoop.java:497)
	at io.netty.channel.nio.NioEventLoop.processSelectedKeysOptimized(NioEventLoop.java:465)
	at io.netty.channel.nio.NioEventLoop.run(NioEventLoop.java:359)
	at io.netty.util.concurrent.SingleThreadEventExecutor$2.run(SingleThreadEventExecutor.java:101)
	at java.lang.Thread.run(Thread.java:662)
2013-08-19 23:33:30 [us.longda.tools.server.ServiceHandler:exceptionCaught] [ERROR]  Unexpected exception from downstream.
java.lang.NullPointerException
	at us.longda.tools.proto.MessageDecoder.channelReadComplete(MessageDecoder.java:204)
	at io.netty.channel.DefaultChannelHandlerContext.invokeChannelReadComplete(DefaultChannelHandlerContext.java:362)
	at io.netty.channel.DefaultChannelHandlerContext.fireChannelReadComplete(DefaultChannelHandlerContext.java:344)
	at io.netty.channel.DefaultChannelPipeline.fireChannelReadComplete(DefaultChannelPipeline.java:795)
	at io.netty.channel.nio.AbstractNioByteChannel$NioByteUnsafe.read(AbstractNioByteChannel.java:118)
	at io.netty.channel.nio.NioEventLoop.processSelectedKey(NioEventLoop.java:497)
	at io.netty.channel.nio.NioEventLoop.processSelectedKeysOptimized(NioEventLoop.java:465)
	at io.netty.channel.nio.NioEventLoop.run(NioEventLoop.java:359)
	at io.netty.util.concurrent.SingleThreadEventExecutor$2.run(SingleThreadEventExecutor.java:101)
	at java.lang.Thread.run(Thread.java:662)
2013-08-20 09:50:21 [io.netty.handler.logging.LoggingHandler:log] [INFO]  [id: 0x29be7e77] REGISTERED
2013-08-20 09:50:22 [io.netty.handler.logging.LoggingHandler:log] [INFO]  [id: 0x29be7e77] BIND(0.0.0.0/0.0.0.0:9000)
2013-08-20 09:50:22 [io.netty.handler.logging.LoggingHandler:log] [INFO]  [id: 0x29be7e77] CLOSE()
2013-08-20 09:50:22 [io.netty.handler.logging.LoggingHandler:log] [INFO]  [id: 0x29be7e77] UNREGISTERED
2013-08-20 09:50:22 [io.netty.handler.logging.LoggingHandler:log] [INFO]  [id: 0x9c159293, /0.0.0.0:9000] RECEIVED: [id: 0x856550cf, /127.0.0.1:55946 => /127.0.0.1:9000]
2013-08-20 09:50:47 [us.longda.tools.server.ServiceHandler:exceptionCaught] [ERROR]  Unexpected exception from downstream.
java.lang.NullPointerException
	at us.longda.tools.proto.MessageDecoder.channelReadComplete(MessageDecoder.java:204)
	at io.netty.channel.DefaultChannelHandlerContext.invokeChannelReadComplete(DefaultChannelHandlerContext.java:362)
	at io.netty.channel.DefaultChannelHandlerContext.fireChannelReadComplete(DefaultChannelHandlerContext.java:344)
	at io.netty.channel.DefaultChannelPipeline.fireChannelReadComplete(DefaultChannelPipeline.java:795)
	at io.netty.channel.nio.AbstractNioByteChannel$NioByteUnsafe.read(AbstractNioByteChannel.java:118)
	at io.netty.channel.nio.NioEventLoop.processSelectedKey(NioEventLoop.java:497)
	at io.netty.channel.nio.NioEventLoop.processSelectedKeysOptimized(NioEventLoop.java:465)
	at io.netty.channel.nio.NioEventLoop.run(NioEventLoop.java:359)
	at io.netty.util.concurrent.SingleThreadEventExecutor$2.run(SingleThreadEventExecutor.java:101)
	at java.lang.Thread.run(Thread.java:662)
2013-08-20 09:50:47 [us.longda.tools.server.ServiceHandler:exceptionCaught] [ERROR]  Unexpected exception from downstream.
java.io.IOException: 远程主机强迫关闭了一个现有的连接。
	at sun.nio.ch.SocketDispatcher.read0(Native Method)
	at sun.nio.ch.SocketDispatcher.read(SocketDispatcher.java:25)
	at sun.nio.ch.IOUtil.readIntoNativeBuffer(IOUtil.java:198)
	at sun.nio.ch.IOUtil.read(IOUtil.java:166)
	at sun.nio.ch.SocketChannelImpl.read(SocketChannelImpl.java:245)
	at io.netty.buffer.UnpooledUnsafeDirectByteBuf.setBytes(UnpooledUnsafeDirectByteBuf.java:401)
	at io.netty.buffer.AbstractByteBuf.writeBytes(AbstractByteBuf.java:867)
	at io.netty.channel.socket.nio.NioSocketChannel.doReadBytes(NioSocketChannel.java:227)
	at io.netty.channel.nio.AbstractNioByteChannel$NioByteUnsafe.read(AbstractNioByteChannel.java:87)
	at io.netty.channel.nio.NioEventLoop.processSelectedKey(NioEventLoop.java:497)
	at io.netty.channel.nio.NioEventLoop.processSelectedKeysOptimized(NioEventLoop.java:465)
	at io.netty.channel.nio.NioEventLoop.run(NioEventLoop.java:359)
	at io.netty.util.concurrent.SingleThreadEventExecutor$2.run(SingleThreadEventExecutor.java:101)
	at java.lang.Thread.run(Thread.java:662)
2013-08-20 09:54:55 [io.netty.handler.logging.LoggingHandler:log] [INFO]  [id: 0xa54fdc9a] REGISTERED
2013-08-20 09:54:55 [io.netty.handler.logging.LoggingHandler:log] [INFO]  [id: 0xa54fdc9a] BIND(0.0.0.0/0.0.0.0:9000)
2013-08-20 09:54:55 [io.netty.handler.logging.LoggingHandler:log] [INFO]  [id: 0xa54fdc9a] CLOSE()
2013-08-20 09:54:55 [io.netty.handler.logging.LoggingHandler:log] [INFO]  [id: 0xa54fdc9a] UNREGISTERED
2013-08-20 09:54:56 [io.netty.handler.logging.LoggingHandler:log] [INFO]  [id: 0x9c159293, /0.0.0.0:9000] RECEIVED: [id: 0xf4c398ff, /127.0.0.1:56164 => /127.0.0.1:9000]
2013-08-20 10:02:54 [io.netty.handler.logging.LoggingHandler:log] [INFO]  [id: 0x25445631] REGISTERED
2013-08-20 10:02:54 [io.netty.handler.logging.LoggingHandler:log] [INFO]  [id: 0x25445631] BIND(0.0.0.0/0.0.0.0:9000)
2013-08-20 10:02:54 [io.netty.handler.logging.LoggingHandler:log] [INFO]  [id: 0x25445631, /0.0.0.0:9000] ACTIVE
2013-08-20 10:02:55 [io.netty.handler.logging.LoggingHandler:log] [INFO]  [id: 0x25445631, /0.0.0.0:9000] RECEIVED: [id: 0xeba27e04, /127.0.0.1:56573 => /127.0.0.1:9000]
2013-08-20 10:03:19 [us.longda.tools.client.ClientHandler:sendRequest] [INFO]  Send one request 1
2013-08-20 10:05:27 [io.netty.handler.logging.LoggingHandler:log] [INFO]  [id: 0x393e5002] REGISTERED
2013-08-20 10:05:27 [io.netty.handler.logging.LoggingHandler:log] [INFO]  [id: 0x393e5002] BIND(0.0.0.0/0.0.0.0:9000)
2013-08-20 10:05:27 [io.netty.handler.logging.LoggingHandler:log] [INFO]  [id: 0x393e5002, /0.0.0.0:9000] ACTIVE
2013-08-20 10:05:28 [io.netty.handler.logging.LoggingHandler:log] [INFO]  [id: 0x393e5002, /0.0.0.0:9000] RECEIVED: [id: 0xe6f0049b, /127.0.0.1:56692 => /127.0.0.1:9000]
2013-08-20 10:05:34 [us.longda.tools.client.ClientHandler:sendRequest] [INFO]  Send one request 1
2013-08-20 10:06:34 [us.longda.tools.server.ServiceHandler:recvRequest] [INFO]  Receive command_id: 1
request_data_length: 0
request_data: ""
attachment: ""

2013-08-20 10:06:34 [us.longda.tools.server.ServiceHandler:sendResponse] [INFO]  Server send response:1
2013-08-20 10:09:36 [us.longda.tools.client.ClientHandler:recvResponse] [WARN]  Receive counter 1, sendCounter:1
2013-08-20 10:09:42 [us.longda.tools.client.ClientHandler:recvResponse] [INFO]  Receive 1
